# JRE version: OpenJDK Runtime Environment (17.0.9) (build 17.0.9+0--11185874)
# Java VM: OpenJDK 64-Bit Server VM (17.0.9+0--11185874, mixed mode, tiered, compressed oops, compressed class ptrs, g1 gc, windows-amd64)
GC Precious Log:
 CPUs: 8 total, 8 available
 Memory: 8037M
 Large Page Support: Disabled
 NUMA Support: Disabled
 Compressed Oops: Enabled (32-bit)
 Heap Region Size: 1M
 Heap Min Capacity: 8M
 Heap Initial Capacity: 126M
 Heap Max Capacity: 2010M
 Pre-touch: Disabled
 Parallel Workers: 8
 Concurrent Workers: 2
 Concurrent Refinement Workers: 8
 Periodic GC: Disabled
Heap:
 garbage-first heap   total 80896K, used 44380K [0x0000000082600000, 0x0000000100000000)
  region size 1024K, 4 young (4096K), 3 survivors (3072K)
 Metaspace       used 57764K, committed 58048K, reserved 1114112K
  class space    used 6942K, committed 7040K, reserved 1048576K
GC Heap History (20 events):
Event: 2.719 GC heap before
{Heap before GC invocations=5 (full 0):
 garbage-first heap   total 40960K, used 30275K [0x0000000082600000, 0x0000000100000000)
  region size 1024K, 19 young (19456K), 1 survivors (1024K)
 Metaspace       used 30185K, committed 30464K, reserved 1114112K
  class space    used 3766K, committed 3904K, reserved 1048576K
}
Event: 2.729 GC heap after
{Heap after GC invocations=6 (full 0):
 garbage-first heap   total 40960K, used 15722K [0x0000000082600000, 0x0000000100000000)
  region size 1024K, 3 young (3072K), 3 survivors (3072K)
 Metaspace       used 30185K, committed 30464K, reserved 1114112K
  class space    used 3766K, committed 3904K, reserved 1048576K
}
Event: 2.960 GC heap before
{Heap before GC invocations=6 (full 0):
 garbage-first heap   total 40960K, used 31082K [0x0000000082600000, 0x0000000100000000)
  region size 1024K, 17 young (17408K), 3 survivors (3072K)
 Metaspace       used 31880K, committed 32128K, reserved 1114112K
  class space    used 4169K, committed 4288K, reserved 1048576K
}
Event: 2.970 GC heap after
{Heap after GC invocations=7 (full 0):
 garbage-first heap   total 66560K, used 20719K [0x0000000082600000, 0x0000000100000000)
  region size 1024K, 3 young (3072K), 3 survivors (3072K)
 Metaspace       used 31880K, committed 32128K, reserved 1114112K
  class space    used 4169K, committed 4288K, reserved 1048576K
}
Event: 3.591 GC heap before
{Heap before GC invocations=7 (full 0):
 garbage-first heap   total 66560K, used 38127K [0x0000000082600000, 0x0000000100000000)
  region size 1024K, 22 young (22528K), 3 survivors (3072K)
 Metaspace       used 35731K, committed 35968K, reserved 1114112K
  class space    used 4595K, committed 4736K, reserved 1048576K
}
Event: 3.604 GC heap after
{Heap after GC invocations=8 (full 0):
 garbage-first heap   total 66560K, used 21257K [0x0000000082600000, 0x0000000100000000)
  region size 1024K, 3 young (3072K), 3 survivors (3072K)
 Metaspace       used 35731K, committed 35968K, reserved 1114112K
  class space    used 4595K, committed 4736K, reserved 1048576K
}
Event: 4.612 GC heap before
{Heap before GC invocations=9 (full 0):
 garbage-first heap   total 66560K, used 44809K [0x0000000082600000, 0x0000000100000000)
  region size 1024K, 27 young (27648K), 3 survivors (3072K)
 Metaspace       used 40822K, committed 41088K, reserved 1114112K
  class space    used 5072K, committed 5184K, reserved 1048576K
}
Event: 4.622 GC heap after
{Heap after GC invocations=10 (full 0):
 garbage-first heap   total 66560K, used 23751K [0x0000000082600000, 0x0000000100000000)
  region size 1024K, 3 young (3072K), 3 survivors (3072K)
 Metaspace       used 40822K, committed 41088K, reserved 1114112K
  class space    used 5072K, committed 5184K, reserved 1048576K
}
Event: 5.828 GC heap before
{Heap before GC invocations=10 (full 0):
 garbage-first heap   total 66560K, used 46279K [0x0000000082600000, 0x0000000100000000)
  region size 1024K, 26 young (26624K), 3 survivors (3072K)
 Metaspace       used 46851K, committed 47104K, reserved 1114112K
  class space    used 5780K, committed 5888K, reserved 1048576K
}
Event: 5.838 GC heap after
{Heap after GC invocations=11 (full 0):
 garbage-first heap   total 66560K, used 25543K [0x0000000082600000, 0x0000000100000000)
  region size 1024K, 2 young (2048K), 2 survivors (2048K)
 Metaspace       used 46851K, committed 47104K, reserved 1114112K
  class space    used 5780K, committed 5888K, reserved 1048576K
}
Event: 6.632 GC heap before
{Heap before GC invocations=11 (full 0):
 garbage-first heap   total 66560K, used 50119K [0x0000000082600000, 0x0000000100000000)
  region size 1024K, 25 young (25600K), 2 survivors (2048K)
 Metaspace       used 50229K, committed 50496K, reserved 1114112K
  class space    used 6165K, committed 6272K, reserved 1048576K
}
Event: 6.647 GC heap after
{Heap after GC invocations=12 (full 0):
 garbage-first heap   total 66560K, used 32050K [0x0000000082600000, 0x0000000100000000)
  region size 1024K, 4 young (4096K), 4 survivors (4096K)
 Metaspace       used 50229K, committed 50496K, reserved 1114112K
  class space    used 6165K, committed 6272K, reserved 1048576K
}
Event: 7.313 GC heap before
{Heap before GC invocations=12 (full 0):
 garbage-first heap   total 66560K, used 50482K [0x0000000082600000, 0x0000000100000000)
  region size 1024K, 22 young (22528K), 4 survivors (4096K)
 Metaspace       used 54378K, committed 54592K, reserved 1114112K
  class space    used 6657K, committed 6720K, reserved 1048576K
}
Event: 7.334 GC heap after
{Heap after GC invocations=13 (full 0):
 garbage-first heap   total 66560K, used 34969K [0x0000000082600000, 0x0000000100000000)
  region size 1024K, 3 young (3072K), 3 survivors (3072K)
 Metaspace       used 54378K, committed 54592K, reserved 1114112K
  class space    used 6657K, committed 6720K, reserved 1048576K
}
Event: 7.658 GC heap before
{Heap before GC invocations=13 (full 0):
 garbage-first heap   total 66560K, used 40089K [0x0000000082600000, 0x0000000100000000)
  region size 1024K, 9 young (9216K), 3 survivors (3072K)
 Metaspace       used 54768K, committed 54976K, reserved 1114112K
  class space    used 6666K, committed 6720K, reserved 1048576K
}
Event: 7.671 GC heap after
{Heap after GC invocations=14 (full 0):
 garbage-first heap   total 80896K, used 36345K [0x0000000082600000, 0x0000000100000000)
  region size 1024K, 2 young (2048K), 2 survivors (2048K)
 Metaspace       used 54768K, committed 54976K, reserved 1114112K
  class space    used 6666K, committed 6720K, reserved 1048576K
}
Event: 8.133 GC heap before
{Heap before GC invocations=14 (full 0):
 garbage-first heap   total 80896K, used 61945K [0x0000000082600000, 0x0000000100000000)
  region size 1024K, 27 young (27648K), 2 survivors (2048K)
 Metaspace       used 55054K, committed 55296K, reserved 1114112K
  class space    used 6679K, committed 6784K, reserved 1048576K
}
Event: 8.142 GC heap after
{Heap after GC invocations=15 (full 0):
 garbage-first heap   total 80896K, used 37290K [0x0000000082600000, 0x0000000100000000)
  region size 1024K, 3 young (3072K), 3 survivors (3072K)
 Metaspace       used 55054K, committed 55296K, reserved 1114112K
  class space    used 6679K, committed 6784K, reserved 1048576K
}
Event: 8.757 GC heap before
{Heap before GC invocations=15 (full 0):
 garbage-first heap   total 80896K, used 61866K [0x0000000082600000, 0x0000000100000000)
  region size 1024K, 28 young (28672K), 3 survivors (3072K)
 Metaspace       used 56461K, committed 56704K, reserved 1114112K
  class space    used 6806K, committed 6912K, reserved 1048576K
}
Event: 8.769 GC heap after
{Heap after GC invocations=16 (full 0):
 garbage-first heap   total 80896K, used 41085K [0x0000000082600000, 0x0000000100000000)
  region size 1024K, 4 young (4096K), 4 survivors (4096K)
 Metaspace       used 56461K, committed 56704K, reserved 1114112K
  class space    used 6806K, committed 6912K, reserved 1048576K
}

