# JRE version: OpenJDK Runtime Environment (17.0.9) (build 17.0.9+0--11185874)
# Java VM: OpenJDK 64-Bit Server VM (17.0.9+0--11185874, mixed mode, tiered, compressed oops, compressed class ptrs, g1 gc, windows-amd64)
GC Precious Log:
 CPUs: 8 total, 8 available
 Memory: 8037M
 Large Page Support: Disabled
 NUMA Support: Disabled
 Compressed Oops: Enabled (32-bit)
 Heap Region Size: 1M
 Heap Min Capacity: 8M
 Heap Initial Capacity: 126M
 Heap Max Capacity: 2010M
 Pre-touch: Disabled
 Parallel Workers: 8
 Concurrent Workers: 2
 Concurrent Refinement Workers: 8
 Periodic GC: Disabled
Heap:
 garbage-first heap   total 160768K, used 94653K [0x0000000082600000, 0x0000000100000000)
  region size 1024K, 2 young (2048K), 2 survivors (2048K)
 Metaspace       used 90001K, committed 90368K, reserved 1179648K
  class space    used 10088K, committed 10304K, reserved 1048576K
GC Heap History (20 events):
Event: 6.984 GC heap after
{Heap after GC invocations=22 (full 0):
 garbage-first heap   total 89088K, used 51431K [0x0000000082600000, 0x0000000100000000)
  region size 1024K, 3 young (3072K), 3 survivors (3072K)
 Metaspace       used 60149K, committed 60416K, reserved 1114112K
  class space    used 7223K, committed 7360K, reserved 1048576K
}
Event: 7.046 GC heap before
{Heap before GC invocations=22 (full 0):
 garbage-first heap   total 89088K, used 51431K [0x0000000082600000, 0x0000000100000000)
  region size 1024K, 4 young (4096K), 3 survivors (3072K)
 Metaspace       used 60343K, committed 60672K, reserved 1114112K
  class space    used 7240K, committed 7424K, reserved 1048576K
}
Event: 7.052 GC heap after
{Heap after GC invocations=23 (full 0):
 garbage-first heap   total 89088K, used 51651K [0x0000000082600000, 0x0000000100000000)
  region size 1024K, 1 young (1024K), 1 survivors (1024K)
 Metaspace       used 60343K, committed 60672K, reserved 1114112K
  class space    used 7240K, committed 7424K, reserved 1048576K
}
Event: 7.559 GC heap before
{Heap before GC invocations=23 (full 0):
 garbage-first heap   total 89088K, used 71107K [0x0000000082600000, 0x0000000100000000)
  region size 1024K, 20 young (20480K), 1 survivors (1024K)
 Metaspace       used 61836K, committed 62208K, reserved 1114112K
  class space    used 7371K, committed 7552K, reserved 1048576K
}
Event: 7.565 GC heap after
{Heap after GC invocations=24 (full 0):
 garbage-first heap   total 160768K, used 53710K [0x0000000082600000, 0x0000000100000000)
  region size 1024K, 3 young (3072K), 3 survivors (3072K)
 Metaspace       used 61836K, committed 62208K, reserved 1114112K
  class space    used 7371K, committed 7552K, reserved 1048576K
}
Event: 9.841 GC heap before
{Heap before GC invocations=25 (full 0):
 garbage-first heap   total 160768K, used 120270K [0x0000000082600000, 0x0000000100000000)
  region size 1024K, 67 young (68608K), 3 survivors (3072K)
 Metaspace       used 65579K, committed 65920K, reserved 1114112K
  class space    used 7745K, committed 7936K, reserved 1048576K
}
Event: 9.858 GC heap after
{Heap after GC invocations=26 (full 0):
 garbage-first heap   total 160768K, used 62040K [0x0000000082600000, 0x0000000100000000)
  region size 1024K, 9 young (9216K), 9 survivors (9216K)
 Metaspace       used 65579K, committed 65920K, reserved 1114112K
  class space    used 7745K, committed 7936K, reserved 1048576K
}
Event: 9.919 GC heap before
{Heap before GC invocations=26 (full 0):
 garbage-first heap   total 160768K, used 63064K [0x0000000082600000, 0x0000000100000000)
  region size 1024K, 10 young (10240K), 9 survivors (9216K)
 Metaspace       used 65635K, committed 65984K, reserved 1114112K
  class space    used 7747K, committed 7936K, reserved 1048576K
}
Event: 9.940 GC heap after
{Heap after GC invocations=27 (full 0):
 garbage-first heap   total 160768K, used 62557K [0x0000000082600000, 0x0000000100000000)
  region size 1024K, 1 young (1024K), 1 survivors (1024K)
 Metaspace       used 65635K, committed 65984K, reserved 1114112K
  class space    used 7747K, committed 7936K, reserved 1048576K
}
Event: 12.273 GC heap before
{Heap before GC invocations=27 (full 0):
 garbage-first heap   total 160768K, used 119901K [0x0000000082600000, 0x0000000100000000)
  region size 1024K, 55 young (56320K), 1 survivors (1024K)
 Metaspace       used 66784K, committed 67136K, reserved 1114112K
  class space    used 7752K, committed 7936K, reserved 1048576K
}
Event: 12.286 GC heap after
{Heap after GC invocations=28 (full 0):
 garbage-first heap   total 160768K, used 68040K [0x0000000082600000, 0x0000000100000000)
  region size 1024K, 5 young (5120K), 5 survivors (5120K)
 Metaspace       used 66784K, committed 67136K, reserved 1114112K
  class space    used 7752K, committed 7936K, reserved 1048576K
}
Event: 13.956 GC heap before
{Heap before GC invocations=28 (full 0):
 garbage-first heap   total 160768K, used 122312K [0x0000000082600000, 0x0000000100000000)
  region size 1024K, 58 young (59392K), 5 survivors (5120K)
 Metaspace       used 71546K, committed 71872K, reserved 1114112K
  class space    used 8223K, committed 8384K, reserved 1048576K
}
Event: 13.970 GC heap after
{Heap after GC invocations=29 (full 0):
 garbage-first heap   total 160768K, used 72128K [0x0000000082600000, 0x0000000100000000)
  region size 1024K, 8 young (8192K), 8 survivors (8192K)
 Metaspace       used 71546K, committed 71872K, reserved 1114112K
  class space    used 8223K, committed 8384K, reserved 1048576K
}
Event: 15.965 GC heap before
{Heap before GC invocations=29 (full 0):
 garbage-first heap   total 160768K, used 126400K [0x0000000082600000, 0x0000000100000000)
  region size 1024K, 61 young (62464K), 8 survivors (8192K)
 Metaspace       used 76668K, committed 76992K, reserved 1179648K
  class space    used 8802K, committed 8960K, reserved 1048576K
}
Event: 15.990 GC heap after
{Heap after GC invocations=30 (full 0):
 garbage-first heap   total 160768K, used 78953K [0x0000000082600000, 0x0000000100000000)
  region size 1024K, 8 young (8192K), 8 survivors (8192K)
 Metaspace       used 76668K, committed 76992K, reserved 1179648K
  class space    used 8802K, committed 8960K, reserved 1048576K
}
Event: 17.436 GC heap before
{Heap before GC invocations=30 (full 0):
 garbage-first heap   total 160768K, used 127081K [0x0000000082600000, 0x0000000100000000)
  region size 1024K, 55 young (56320K), 8 survivors (8192K)
 Metaspace       used 79661K, committed 80000K, reserved 1179648K
  class space    used 9131K, committed 9280K, reserved 1048576K
}
Event: 17.464 GC heap after
{Heap after GC invocations=31 (full 0):
 garbage-first heap   total 160768K, used 87386K [0x0000000082600000, 0x0000000100000000)
  region size 1024K, 7 young (7168K), 7 survivors (7168K)
 Metaspace       used 79661K, committed 80000K, reserved 1179648K
  class space    used 9131K, committed 9280K, reserved 1048576K
}
Event: 18.627 GC heap before
{Heap before GC invocations=31 (full 0):
 garbage-first heap   total 160768K, used 128346K [0x0000000082600000, 0x0000000100000000)
  region size 1024K, 47 young (48128K), 7 survivors (7168K)
 Metaspace       used 86376K, committed 86720K, reserved 1179648K
  class space    used 9819K, committed 9984K, reserved 1048576K
}
Event: 18.648 GC heap after
{Heap after GC invocations=32 (full 0):
 garbage-first heap   total 160768K, used 92648K [0x0000000082600000, 0x0000000100000000)
  region size 1024K, 5 young (5120K), 5 survivors (5120K)
 Metaspace       used 86376K, committed 86720K, reserved 1179648K
  class space    used 9819K, committed 9984K, reserved 1048576K
}
Event: 19.988 GC heap before
{Heap before GC invocations=32 (full 0):
 garbage-first heap   total 160768K, used 130536K [0x0000000082600000, 0x0000000100000000)
  region size 1024K, 42 young (43008K), 5 survivors (5120K)
 Metaspace       used 90001K, committed 90368K, reserved 1179648K
  class space    used 10088K, committed 10304K, reserved 1048576K
}

