# JRE version: OpenJDK Runtime Environment (17.0.9) (build 17.0.9+0--11185874)
# Java VM: OpenJDK 64-Bit Server VM (17.0.9+0--11185874, mixed mode, tiered, compressed oops, compressed class ptrs, g1 gc, windows-amd64)
GC Precious Log:
 CPUs: 8 total, 8 available
 Memory: 8037M
 Large Page Support: Disabled
 NUMA Support: Disabled
 Compressed Oops: Enabled (32-bit)
 Heap Region Size: 1M
 Heap Min Capacity: 8M
 Heap Initial Capacity: 126M
 Heap Max Capacity: 2010M
 Pre-touch: Disabled
 Parallel Workers: 8
 Concurrent Workers: 2
 Concurrent Refinement Workers: 8
 Periodic GC: Disabled
Heap:
 garbage-first heap   total 129024K, used 64933K [0x0000000082600000, 0x0000000100000000)
  region size 1024K, 1 young (1024K), 1 survivors (1024K)
 Metaspace       used 77055K, committed 77440K, reserved 1179648K
  class space    used 9025K, committed 9216K, reserved 1048576K
GC Heap History (20 events):
Event: 11.291 GC heap after
{Heap after GC invocations=14 (full 0):
 garbage-first heap   total 91136K, used 40741K [0x0000000082600000, 0x0000000100000000)
  region size 1024K, 5 young (5120K), 5 survivors (5120K)
 Metaspace       used 55758K, committed 55936K, reserved 1114112K
  class space    used 6700K, committed 6784K, reserved 1048576K
}
Event: 12.399 GC heap before
{Heap before GC invocations=14 (full 0):
 garbage-first heap   total 91136K, used 69413K [0x0000000082600000, 0x0000000100000000)
  region size 1024K, 33 young (33792K), 5 survivors (5120K)
 Metaspace       used 57915K, committed 58176K, reserved 1114112K
  class space    used 6946K, committed 7104K, reserved 1048576K
}
Event: 12.420 GC heap after
{Heap after GC invocations=15 (full 0):
 garbage-first heap   total 91136K, used 44821K [0x0000000082600000, 0x0000000100000000)
  region size 1024K, 4 young (4096K), 4 survivors (4096K)
 Metaspace       used 57915K, committed 58176K, reserved 1114112K
  class space    used 6946K, committed 7104K, reserved 1048576K
}
Event: 12.935 GC heap before
{Heap before GC invocations=15 (full 0):
 garbage-first heap   total 91136K, used 69397K [0x0000000082600000, 0x0000000100000000)
  region size 1024K, 29 young (29696K), 4 survivors (4096K)
 Metaspace       used 58835K, committed 59200K, reserved 1114112K
  class space    used 7050K, committed 7232K, reserved 1048576K
}
Event: 12.953 GC heap after
{Heap after GC invocations=16 (full 0):
 garbage-first heap   total 91136K, used 48262K [0x0000000082600000, 0x0000000100000000)
  region size 1024K, 4 young (4096K), 4 survivors (4096K)
 Metaspace       used 58835K, committed 59200K, reserved 1114112K
  class space    used 7050K, committed 7232K, reserved 1048576K
}
Event: 14.763 GC heap before
{Heap before GC invocations=17 (full 0):
 garbage-first heap   total 91136K, used 69766K [0x0000000082600000, 0x0000000100000000)
  region size 1024K, 26 young (26624K), 4 survivors (4096K)
 Metaspace       used 60339K, committed 60608K, reserved 1114112K
  class space    used 7213K, committed 7360K, reserved 1048576K
}
Event: 14.784 GC heap after
{Heap after GC invocations=18 (full 0):
 garbage-first heap   total 91136K, used 52330K [0x0000000082600000, 0x0000000100000000)
  region size 1024K, 4 young (4096K), 4 survivors (4096K)
 Metaspace       used 60339K, committed 60608K, reserved 1114112K
  class space    used 7213K, committed 7360K, reserved 1048576K
}
Event: 14.851 GC heap before
{Heap before GC invocations=18 (full 0):
 garbage-first heap   total 91136K, used 53354K [0x0000000082600000, 0x0000000100000000)
  region size 1024K, 5 young (5120K), 4 survivors (4096K)
 Metaspace       used 60440K, committed 60736K, reserved 1114112K
  class space    used 7219K, committed 7360K, reserved 1048576K
}
Event: 14.863 GC heap after
{Heap after GC invocations=19 (full 0):
 garbage-first heap   total 109568K, used 52522K [0x0000000082600000, 0x0000000100000000)
  region size 1024K, 1 young (1024K), 1 survivors (1024K)
 Metaspace       used 60440K, committed 60736K, reserved 1114112K
  class space    used 7219K, committed 7360K, reserved 1048576K
}
Event: 15.953 GC heap before
{Heap before GC invocations=19 (full 0):
 garbage-first heap   total 109568K, used 85290K [0x0000000082600000, 0x0000000100000000)
  region size 1024K, 33 young (33792K), 1 survivors (1024K)
 Metaspace       used 65019K, committed 65344K, reserved 1114112K
  class space    used 7707K, committed 7872K, reserved 1048576K
}
Event: 15.970 GC heap after
{Heap after GC invocations=20 (full 0):
 garbage-first heap   total 109568K, used 55802K [0x0000000082600000, 0x0000000100000000)
  region size 1024K, 4 young (4096K), 4 survivors (4096K)
 Metaspace       used 65019K, committed 65344K, reserved 1114112K
  class space    used 7707K, committed 7872K, reserved 1048576K
}
Event: 16.895 GC heap before
{Heap before GC invocations=21 (full 0):
 garbage-first heap   total 109568K, used 86522K [0x0000000082600000, 0x0000000100000000)
  region size 1024K, 34 young (34816K), 4 survivors (4096K)
 Metaspace       used 69971K, committed 70336K, reserved 1114112K
  class space    used 8230K, committed 8384K, reserved 1048576K
}
Event: 16.911 GC heap after
{Heap after GC invocations=22 (full 0):
 garbage-first heap   total 109568K, used 59207K [0x0000000082600000, 0x0000000100000000)
  region size 1024K, 4 young (4096K), 4 survivors (4096K)
 Metaspace       used 69971K, committed 70336K, reserved 1114112K
  class space    used 8230K, committed 8384K, reserved 1048576K
}
Event: 16.946 GC heap before
{Heap before GC invocations=22 (full 0):
 garbage-first heap   total 109568K, used 60231K [0x0000000082600000, 0x0000000100000000)
  region size 1024K, 5 young (5120K), 4 survivors (4096K)
 Metaspace       used 70248K, committed 70592K, reserved 1114112K
  class space    used 8268K, committed 8448K, reserved 1048576K
}
Event: 16.956 GC heap after
{Heap after GC invocations=23 (full 0):
 garbage-first heap   total 109568K, used 58511K [0x0000000082600000, 0x0000000100000000)
  region size 1024K, 1 young (1024K), 1 survivors (1024K)
 Metaspace       used 70248K, committed 70592K, reserved 1114112K
  class space    used 8268K, committed 8448K, reserved 1048576K
}
Event: 17.690 GC heap before
{Heap before GC invocations=23 (full 0):
 garbage-first heap   total 109568K, used 87183K [0x0000000082600000, 0x0000000100000000)
  region size 1024K, 29 young (29696K), 1 survivors (1024K)
 Metaspace       used 71410K, committed 71808K, reserved 1114112K
  class space    used 8391K, committed 8576K, reserved 1048576K
}
Event: 17.707 GC heap after
{Heap after GC invocations=24 (full 0):
 garbage-first heap   total 109568K, used 63488K [0x0000000082600000, 0x0000000100000000)
  region size 1024K, 4 young (4096K), 4 survivors (4096K)
 Metaspace       used 71410K, committed 71808K, reserved 1114112K
  class space    used 8391K, committed 8576K, reserved 1048576K
}
Event: 18.375 GC heap before
{Heap before GC invocations=25 (full 0):
 garbage-first heap   total 111616K, used 87040K [0x0000000082600000, 0x0000000100000000)
  region size 1024K, 28 young (28672K), 4 survivors (4096K)
 Metaspace       used 76282K, committed 76608K, reserved 1179648K
  class space    used 8938K, committed 9088K, reserved 1048576K
}
Event: 18.394 GC heap after
{Heap after GC invocations=26 (full 0):
 garbage-first heap   total 111616K, used 65684K [0x0000000082600000, 0x0000000100000000)
  region size 1024K, 2 young (2048K), 2 survivors (2048K)
 Metaspace       used 76282K, committed 76608K, reserved 1179648K
  class space    used 8938K, committed 9088K, reserved 1048576K
}
Event: 18.474 GC heap before
{Heap before GC invocations=26 (full 0):
 garbage-first heap   total 111616K, used 68756K [0x0000000082600000, 0x0000000100000000)
  region size 1024K, 5 young (5120K), 2 survivors (2048K)
 Metaspace       used 77055K, committed 77440K, reserved 1179648K
  class space    used 9025K, committed 9216K, reserved 1048576K
}

