# JRE version: OpenJDK Runtime Environment (17.0.9) (build 17.0.9+0--11185874)
# Java VM: OpenJDK 64-Bit Server VM (17.0.9+0--11185874, mixed mode, tiered, compressed oops, compressed class ptrs, g1 gc, windows-amd64)
GC Precious Log:
 CPUs: 8 total, 8 available
 Memory: 8037M
 Large Page Support: Disabled
 NUMA Support: Disabled
 Compressed Oops: Enabled (32-bit)
 Heap Region Size: 1M
 Heap Min Capacity: 8M
 Heap Initial Capacity: 126M
 Heap Max Capacity: 2010M
 Pre-touch: Disabled
 Parallel Workers: 8
 Concurrent Workers: 2
 Concurrent Refinement Workers: 8
 Periodic GC: Disabled
Heap:
 garbage-first heap   total 231424K, used 149240K [0x0000000082600000, 0x0000000100000000)
  region size 1024K, 88 young (90112K), 1 survivors (1024K)
 Metaspace       used 82716K, committed 83072K, reserved 1179648K
  class space    used 9558K, committed 9728K, reserved 1048576K
GC Heap History (20 events):
Event: 4.373 GC heap before
{Heap before GC invocations=12 (full 0):
 garbage-first heap   total 78848K, used 60229K [0x0000000082600000, 0x0000000100000000)
  region size 1024K, 29 young (29696K), 3 survivors (3072K)
 Metaspace       used 54623K, committed 54848K, reserved 1114112K
  class space    used 6665K, committed 6720K, reserved 1048576K
}
Event: 4.384 GC heap after
{Heap after GC invocations=13 (full 0):
 garbage-first heap   total 78848K, used 36380K [0x0000000082600000, 0x0000000100000000)
  region size 1024K, 4 young (4096K), 4 survivors (4096K)
 Metaspace       used 54623K, committed 54848K, reserved 1114112K
  class space    used 6665K, committed 6720K, reserved 1048576K
}
Event: 4.476 GC heap before
{Heap before GC invocations=13 (full 0):
 garbage-first heap   total 78848K, used 58908K [0x0000000082600000, 0x0000000100000000)
  region size 1024K, 27 young (27648K), 4 survivors (4096K)
 Metaspace       used 54786K, committed 55040K, reserved 1114112K
  class space    used 6668K, committed 6784K, reserved 1048576K
}
Event: 4.483 GC heap after
{Heap after GC invocations=14 (full 0):
 garbage-first heap   total 78848K, used 38038K [0x0000000082600000, 0x0000000100000000)
  region size 1024K, 2 young (2048K), 2 survivors (2048K)
 Metaspace       used 54786K, committed 55040K, reserved 1114112K
  class space    used 6668K, committed 6784K, reserved 1048576K
}
Event: 4.803 GC heap before
{Heap before GC invocations=14 (full 0):
 garbage-first heap   total 78848K, used 61590K [0x0000000082600000, 0x0000000100000000)
  region size 1024K, 25 young (25600K), 2 survivors (2048K)
 Metaspace       used 55733K, committed 55936K, reserved 1114112K
  class space    used 6715K, committed 6784K, reserved 1048576K
}
Event: 4.812 GC heap after
{Heap after GC invocations=15 (full 0):
 garbage-first heap   total 78848K, used 41934K [0x0000000082600000, 0x0000000100000000)
  region size 1024K, 4 young (4096K), 4 survivors (4096K)
 Metaspace       used 55733K, committed 55936K, reserved 1114112K
  class space    used 6715K, committed 6784K, reserved 1048576K
}
Event: 5.144 GC heap before
{Heap before GC invocations=16 (full 0):
 garbage-first heap   total 78848K, used 62414K [0x0000000082600000, 0x0000000100000000)
  region size 1024K, 24 young (24576K), 4 survivors (4096K)
 Metaspace       used 57324K, committed 57536K, reserved 1114112K
  class space    used 6909K, committed 6976K, reserved 1048576K
}
Event: 5.152 GC heap after
{Heap after GC invocations=17 (full 0):
 garbage-first heap   total 78848K, used 44376K [0x0000000082600000, 0x0000000100000000)
  region size 1024K, 3 young (3072K), 3 survivors (3072K)
 Metaspace       used 57324K, committed 57536K, reserved 1114112K
  class space    used 6909K, committed 6976K, reserved 1048576K
}
Event: 5.156 GC heap before
{Heap before GC invocations=17 (full 0):
 garbage-first heap   total 78848K, used 45400K [0x0000000082600000, 0x0000000100000000)
  region size 1024K, 4 young (4096K), 3 survivors (3072K)
 Metaspace       used 57330K, committed 57536K, reserved 1114112K
  class space    used 6909K, committed 6976K, reserved 1048576K
}
Event: 5.161 GC heap after
{Heap after GC invocations=18 (full 0):
 garbage-first heap   total 106496K, used 43128K [0x0000000082600000, 0x0000000100000000)
  region size 1024K, 1 young (1024K), 1 survivors (1024K)
 Metaspace       used 57330K, committed 57536K, reserved 1114112K
  class space    used 6909K, committed 6976K, reserved 1048576K
}
Event: 5.632 GC heap before
{Heap before GC invocations=18 (full 0):
 garbage-first heap   total 106496K, used 81016K [0x0000000082600000, 0x0000000100000000)
  region size 1024K, 38 young (38912K), 1 survivors (1024K)
 Metaspace       used 59462K, committed 59776K, reserved 1114112K
  class space    used 7148K, committed 7296K, reserved 1048576K
}
Event: 5.641 GC heap after
{Heap after GC invocations=19 (full 0):
 garbage-first heap   total 106496K, used 48128K [0x0000000082600000, 0x0000000100000000)
  region size 1024K, 5 young (5120K), 5 survivors (5120K)
 Metaspace       used 59462K, committed 59776K, reserved 1114112K
  class space    used 7148K, committed 7296K, reserved 1048576K
}
Event: 6.257 GC heap before
{Heap before GC invocations=19 (full 0):
 garbage-first heap   total 106496K, used 81920K [0x0000000082600000, 0x0000000100000000)
  region size 1024K, 38 young (38912K), 5 survivors (5120K)
 Metaspace       used 61853K, committed 62144K, reserved 1114112K
  class space    used 7374K, committed 7552K, reserved 1048576K
}
Event: 6.269 GC heap after
{Heap after GC invocations=20 (full 0):
 garbage-first heap   total 106496K, used 53314K [0x0000000082600000, 0x0000000100000000)
  region size 1024K, 5 young (5120K), 5 survivors (5120K)
 Metaspace       used 61853K, committed 62144K, reserved 1114112K
  class space    used 7374K, committed 7552K, reserved 1048576K
}
Event: 6.912 GC heap before
{Heap before GC invocations=20 (full 0):
 garbage-first heap   total 106496K, used 83010K [0x0000000082600000, 0x0000000100000000)
  region size 1024K, 34 young (34816K), 5 survivors (5120K)
 Metaspace       used 67683K, committed 68032K, reserved 1114112K
  class space    used 7972K, committed 8128K, reserved 1048576K
}
Event: 6.922 GC heap after
{Heap after GC invocations=21 (full 0):
 garbage-first heap   total 106496K, used 56182K [0x0000000082600000, 0x0000000100000000)
  region size 1024K, 3 young (3072K), 3 survivors (3072K)
 Metaspace       used 67683K, committed 68032K, reserved 1114112K
  class space    used 7972K, committed 8128K, reserved 1048576K
}
Event: 7.547 GC heap before
{Heap before GC invocations=22 (full 0):
 garbage-first heap   total 106496K, used 84854K [0x0000000082600000, 0x0000000100000000)
  region size 1024K, 31 young (31744K), 3 survivors (3072K)
 Metaspace       used 70466K, committed 70784K, reserved 1114112K
  class space    used 8318K, committed 8448K, reserved 1048576K
}
Event: 7.560 GC heap after
{Heap after GC invocations=23 (full 0):
 garbage-first heap   total 106496K, used 60878K [0x0000000082600000, 0x0000000100000000)
  region size 1024K, 4 young (4096K), 4 survivors (4096K)
 Metaspace       used 70466K, committed 70784K, reserved 1114112K
  class space    used 8318K, committed 8448K, reserved 1048576K
}
Event: 7.579 GC heap before
{Heap before GC invocations=23 (full 0):
 garbage-first heap   total 106496K, used 61902K [0x0000000082600000, 0x0000000100000000)
  region size 1024K, 5 young (5120K), 4 survivors (4096K)
 Metaspace       used 70483K, committed 70784K, reserved 1114112K
  class space    used 8321K, committed 8448K, reserved 1048576K
}
Event: 7.588 GC heap after
{Heap after GC invocations=24 (full 0):
 garbage-first heap   total 231424K, used 61176K [0x0000000082600000, 0x0000000100000000)
  region size 1024K, 1 young (1024K), 1 survivors (1024K)
 Metaspace       used 70483K, committed 70784K, reserved 1114112K
  class space    used 8321K, committed 8448K, reserved 1048576K
}

